<?xml version="1.0" encoding="UTF-8"?>
<!-- Generated by org.testng.reporters.JUnitXMLReporter -->
<testsuite ignored="1" hostname="BASIL" failures="0" tests="1" name="Default test" time="8.895" errors="0" timestamp="2025-09-18T00:14:30 IST">
  <testcase classname="testscript.ManageNewsTest" name="verifytheUpdationOfExistingNews" time="5.839"/>
  <testcase classname="testscript.ManageNewsTest" name="verifytheCreationOfNewNews" time="0.0">
    <ignored/>
  </testcase> <!-- verifytheCreationOfNewNews -->
</testsuite> <!-- Default test -->
