<?xml version="1.0" encoding="UTF-8"?>
<!-- Generated by org.testng.reporters.JUnitXMLReporter -->
<testsuite ignored="1" hostname="BASIL" failures="0" tests="1" name="Default test" time="4.549" errors="0" timestamp="2025-08-31T14:09:34 IST">
  <testcase classname="testscript.ManageNewsTest" name="updateExistingNews" time="2.513"/>
  <testcase classname="testscript.ManageNewsTest" name="creatingnewNews" time="0.0">
    <ignored/>
  </testcase> <!-- creatingnewNews -->
</testsuite> <!-- Default test -->
