<?xml version="1.0" encoding="UTF-8"?>
<!-- Generated by org.testng.reporters.JUnitXMLReporter -->
<testsuite ignored="0" hostname="BASIL" failures="0" tests="13" name="ChromeTest" time="39.701" errors="0" timestamp="2025-09-05T01:43:08 IST">
  <testcase classname="testscript.LoginTest" name="verifyUserIsAbleToLoginUsingValidCredentials" time="1.286"/>
  <testcase classname="testscript.LoginTest" name="verifyUserLoginWithInvalidUsernameInvalidPassword" time="0.482"/>
  <testcase classname="testscript.LoginTest" name="verifyUserLoginWithInvalidUsernameValidPassword" time="0.514"/>
  <testcase classname="testscript.LoginTest" name="verifyUserloginWithValidUsernameInvalidPassword" time="0.468"/>
  <testcase classname="testscript.ManageCategoryTest" name="addNewCategory" time="3.874"/>
  <testcase classname="testscript.AdminUsersTest" name="createAdminUser" time="1.73"/>
  <testcase classname="testscript.ManageContactTest" name="managingContactDetails" time="1.931"/>
  <testcase classname="testscript.ManageContactTest" name="validateUpdateBtnAvailable" time="1.063"/>
  <testcase classname="testscript.ManageNewsTest" name="creatingnewNews" time="1.522"/>
  <testcase classname="testscript.ManageNewsTest" name="updateExistingNews" time="1.486"/>
  <testcase classname="testscript.ManageFooterTextTest" name="manageFooterTextUpdate" time="1.805"/>
  <testcase classname="testscript.ManageFooterTextTest" name="validateUpdateBtnPresent" time="1.033"/>
  <testcase classname="testscript.LogoutTest" name="verifyUserLogout" time="0.879"/>
</testsuite> <!-- ChromeTest -->
