<?xml version="1.0" encoding="UTF-8"?>
<testng-results ignored="0" total="1" passed="1" failed="0" skipped="0">
  <reporter-output>
  </reporter-output>
  <suite started-at="2025-08-31T14:09:29 IST" name="Default suite" finished-at="2025-08-31T14:09:34 IST" duration-ms="4549">
    <groups>
    </groups>
    <test started-at="2025-08-31T14:09:29 IST" name="Default test" finished-at="2025-08-31T14:09:34 IST" duration-ms="4549">
      <class name="testscript.ManageNewsTest">
        <test-method is-config="true" signature="browserInitialization()[pri:0, instance:testscript.ManageNewsTest@409bf450]" started-at="2025-08-31T14:09:29 IST" name="browserInitialization" finished-at="2025-08-31T14:09:31 IST" duration-ms="1777" status="PASS">
          <reporter-output>
          </reporter-output>
        </test-method> <!-- browserInitialization -->
        <test-method signature="updateExistingNews()[pri:0, instance:testscript.ManageNewsTest@409bf450]" started-at="2025-08-31T14:09:31 IST" name="updateExistingNews" description="TC for updating news" finished-at="2025-08-31T14:09:34 IST" duration-ms="2513" status="PASS">
          <reporter-output>
          </reporter-output>
        </test-method> <!-- updateExistingNews -->
        <test-method is-config="true" signature="browserQuit(org.testng.ITestResult)[pri:0, instance:testscript.ManageNewsTest@409bf450]" started-at="2025-08-31T14:09:34 IST" name="browserQuit" finished-at="2025-08-31T14:09:34 IST" duration-ms="211" status="PASS">
          <params>
            <param index="0">
              <value>
                <![CDATA[[TestResult name=updateExistingNews status=SUCCESS method=ManageNewsTest.updateExistingNews()[pri:0, instance:testscript.ManageNewsTest@409bf450] output={null}]]]>
              </value>
            </param>
          </params>
          <reporter-output>
          </reporter-output>
        </test-method> <!-- browserQuit -->
      </class> <!-- testscript.ManageNewsTest -->
    </test> <!-- Default test -->
  </suite> <!-- Default suite -->
</testng-results>
