<?xml version="1.0" encoding="UTF-8"?>
<testng-results ignored="0" total="2" passed="2" failed="0" skipped="0">
  <reporter-output>
  </reporter-output>
  <suite started-at="2025-09-19T11:22:27 IST" name="Suite" finished-at="2025-09-19T11:22:41 IST" duration-ms="14798">
    <groups>
      <group name="regression">
        <method signature="ManageContactTest.verifyAbleToManageContactDetails()[pri:0, instance:testscript.ManageContactTest@7fb4f2a9]" name="verifyAbleToManageContactDetails" class="testscript.ManageContactTest"/>
      </group> <!-- regression -->
    </groups>
    <test started-at="2025-09-19T11:22:27 IST" name="Test" finished-at="2025-09-19T11:22:41 IST" duration-ms="14798">
      <class name="testscript.ManageContactTest">
        <test-method is-config="true" signature="browserInitialization(java.lang.String)[pri:0, instance:testscript.ManageContactTest@7fb4f2a9]" started-at="2025-09-19T11:22:27 IST" name="browserInitialization" finished-at="2025-09-19T11:22:30 IST" duration-ms="3436" status="PASS">
          <params>
            <param index="0">
              <value>
                <![CDATA[edge]]>
              </value>
            </param>
          </params>
          <reporter-output>
          </reporter-output>
        </test-method> <!-- browserInitialization -->
        <test-method signature="verifyAbleToManageContactDetails()[pri:0, instance:testscript.ManageContactTest@7fb4f2a9]" started-at="2025-09-19T11:22:30 IST" name="verifyAbleToManageContactDetails" description="Testcase for updating contact details" finished-at="2025-09-19T11:22:35 IST" duration-ms="5398" status="PASS">
          <reporter-output>
          </reporter-output>
        </test-method> <!-- verifyAbleToManageContactDetails -->
        <test-method is-config="true" signature="browserQuit(org.testng.ITestResult)[pri:0, instance:testscript.ManageContactTest@7fb4f2a9]" started-at="2025-09-19T11:22:35 IST" name="browserQuit" finished-at="2025-09-19T11:22:36 IST" duration-ms="276" status="PASS">
          <params>
            <param index="0">
              <value>
                <![CDATA[[TestResult name=verifyAbleToManageContactDetails status=SUCCESS method=ManageContactTest.verifyAbleToManageContactDetails()[pri:0, instance:testscript.ManageContactTest@7fb4f2a9] output={null}]]]>
              </value>
            </param>
          </params>
          <reporter-output>
          </reporter-output>
        </test-method> <!-- browserQuit -->
        <test-method is-config="true" signature="browserInitialization(java.lang.String)[pri:0, instance:testscript.ManageContactTest@7fb4f2a9]" started-at="2025-09-19T11:22:36 IST" name="browserInitialization" finished-at="2025-09-19T11:22:38 IST" duration-ms="2024" status="PASS">
          <params>
            <param index="0">
              <value>
                <![CDATA[edge]]>
              </value>
            </param>
          </params>
          <reporter-output>
          </reporter-output>
        </test-method> <!-- browserInitialization -->
        <test-method signature="verifyUpdateButtonIsAvailableInManageContactPage()[pri:0, instance:testscript.ManageContactTest@7fb4f2a9]" started-at="2025-09-19T11:22:38 IST" name="verifyUpdateButtonIsAvailableInManageContactPage" description="TC for verifying Update button enabled or not" finished-at="2025-09-19T11:22:41 IST" duration-ms="3329" status="PASS">
          <reporter-output>
          </reporter-output>
        </test-method> <!-- verifyUpdateButtonIsAvailableInManageContactPage -->
        <test-method is-config="true" signature="browserQuit(org.testng.ITestResult)[pri:0, instance:testscript.ManageContactTest@7fb4f2a9]" started-at="2025-09-19T11:22:41 IST" name="browserQuit" finished-at="2025-09-19T11:22:41 IST" duration-ms="279" status="PASS">
          <params>
            <param index="0">
              <value>
                <![CDATA[[TestResult name=verifyUpdateButtonIsAvailableInManageContactPage status=SUCCESS method=ManageContactTest.verifyUpdateButtonIsAvailableInManageContactPage()[pri:0, instance:testscript.ManageContactTest@7fb4f2a9] output={null}]]]>
              </value>
            </param>
          </params>
          <reporter-output>
          </reporter-output>
        </test-method> <!-- browserQuit -->
      </class> <!-- testscript.ManageContactTest -->
    </test> <!-- Test -->
  </suite> <!-- Suite -->
</testng-results>
