<?xml version="1.0" encoding="UTF-8"?>
<!-- Generated by org.testng.reporters.JUnitXMLReporter -->
<testsuite ignored="0" hostname="BASIL" failures="0" tests="7" name="ChromeTest" time="18.804" errors="0" timestamp="2025-09-01T21:10:25 IST">
  <testcase classname="testscript.LogoutTest" name="verifyUserLogout" time="0.219">
    <skipped/>
  </testcase> <!-- verifyUserLogout -->
  <testcase classname="testscript.LoginTest" name="verifyUserIsAbleToLoginUsingValidCredentials" time="0.415">
    <skipped/>
  </testcase> <!-- verifyUserIsAbleToLoginUsingValidCredentials -->
  <testcase classname="testscript.LoginTest" name="verifyUserIsAbleToLoginUsingValidCredentials" time="2.543"/>
  <testcase classname="testscript.LogoutTest" name="verifyUserLogout" time="2.927"/>
  <testcase classname="testscript.LoginTest" name="verifyUserLoginWithInvalidUsernameInvalidPassword" time="0.749"/>
  <testcase classname="testscript.LoginTest" name="verifyUserLoginWithInvalidUsernameValidPassword" time="0.835"/>
  <testcase classname="testscript.LoginTest" name="verifyUserloginWithValidUsernameInvalidPassword" time="0.735"/>
</testsuite> <!-- ChromeTest -->
