<?xml version="1.0" encoding="UTF-8"?>
<!-- Generated by org.testng.reporters.JUnitXMLReporter -->
<testsuite ignored="0" hostname="BASIL" failures="1" tests="4" name="FirefoxTest" time="19.613" errors="0" timestamp="2025-08-29T23:06:56 IST">
  <testcase classname="testscript.ManageContactValidationTest" name="validateUpdateBtnAvailable" time="1.087"/>
  <testcase classname="testscript.ManageContactTest" name="managingContactDetails" time="1.691">
    <skipped/>
  </testcase> <!-- managingContactDetails -->
  <testcase classname="testscript.ManageContactTest" name="managingContactDetails" time="1.424">
    <skipped/>
  </testcase> <!-- managingContactDetails -->
  <testcase classname="testscript.ManageContactTest" name="managingContactDetails" time="1.475">
    <failure type="org.openqa.selenium.ElementNotInteractableException" message="Element &amp;lt;input id=&amp;quot;del_limit&amp;quot; class=&amp;quot;form-control&amp;quot; name=&amp;quot;del_limit&amp;quot; type=&amp;quot;text&amp;quot;&amp;gt; could not be scrolled into view
Build info: version: &amp;apos;4.34.0&amp;apos;, revision: &amp;apos;707dcb4246*&amp;apos;
System info: os.name: &amp;apos;Windows 11&amp;apos;, os.arch: &amp;apos;amd64&amp;apos;, os.version: &amp;apos;10.0&amp;apos;, java.version: &amp;apos;17.0.12&amp;apos;
Driver info: org.openqa.selenium.firefox.FirefoxDriver
Command: [21f4d2c0-c922-4ee2-a718-e7fe91e5f7a3, clearElement {id=1762b074-8389-498c-96e7-0e5ace10c6be}]
Capabilities {acceptInsecureCerts: true, browserName: firefox, browserVersion: 123.0.1, moz:accessibilityChecks: false, moz:buildID: 20240304104836, moz:geckodriverVersion: 0.35.0, moz:headless: false, moz:platformVersion: 10.0, moz:processID: 18148, moz:profile: C:\Users\acer\AppData\Local..., moz:shutdownTimeout: 60000, moz:webdriverClick: true, moz:windowless: false, pageLoadStrategy: normal, platformName: windows, proxy: Proxy(), setWindowRect: true, strictFileInteractability: false, timeouts: {implicit: 0, pageLoad: 300000, script: 30000}, unhandledPromptBehavior: dismiss and notify}
Element: [[FirefoxDriver: firefox on windows (21f4d2c0-c922-4ee2-a718-e7fe91e5f7a3)] -&amp;gt; id: del_limit]
Session ID: 21f4d2c0-c922-4ee2-a718-e7fe91e5f7a3">
      <![CDATA[org.openqa.selenium.ElementNotInteractableException: Element <input id="del_limit" class="form-control" name="del_limit" type="text"> could not be scrolled into view
Build info: version: '4.34.0', revision: '707dcb4246*'
System info: os.name: 'Windows 11', os.arch: 'amd64', os.version: '10.0', java.version: '17.0.12'
Driver info: org.openqa.selenium.firefox.FirefoxDriver
Command: [21f4d2c0-c922-4ee2-a718-e7fe91e5f7a3, clearElement {id=1762b074-8389-498c-96e7-0e5ace10c6be}]
Capabilities {acceptInsecureCerts: true, browserName: firefox, browserVersion: 123.0.1, moz:accessibilityChecks: false, moz:buildID: 20240304104836, moz:geckodriverVersion: 0.35.0, moz:headless: false, moz:platformVersion: 10.0, moz:processID: 18148, moz:profile: C:\Users\acer\AppData\Local..., moz:shutdownTimeout: 60000, moz:webdriverClick: true, moz:windowless: false, pageLoadStrategy: normal, platformName: windows, proxy: Proxy(), setWindowRect: true, strictFileInteractability: false, timeouts: {implicit: 0, pageLoad: 300000, script: 30000}, unhandledPromptBehavior: dismiss and notify}
Element: [[FirefoxDriver: firefox on windows (21f4d2c0-c922-4ee2-a718-e7fe91e5f7a3)] -> id: del_limit]
Session ID: 21f4d2c0-c922-4ee2-a718-e7fe91e5f7a3
at org.openqa.selenium.remote.ErrorCodec.decode(ErrorCodec.java:167)
at org.openqa.selenium.remote.codec.w3c.W3CHttpResponseCodec.decode(W3CHttpResponseCodec.java:138)
at org.openqa.selenium.remote.codec.w3c.W3CHttpResponseCodec.decode(W3CHttpResponseCodec.java:50)
at org.openqa.selenium.remote.HttpCommandExecutor.execute(HttpCommandExecutor.java:215)
at org.openqa.selenium.remote.service.DriverCommandExecutor.invokeExecute(DriverCommandExecutor.java:216)
at org.openqa.selenium.remote.service.DriverCommandExecutor.execute(DriverCommandExecutor.java:174)
at org.openqa.selenium.remote.RemoteWebDriver.execute(RemoteWebDriver.java:544)
at org.openqa.selenium.remote.RemoteWebElement.execute(RemoteWebElement.java:223)
at org.openqa.selenium.remote.RemoteWebElement.clear(RemoteWebElement.java:129)
at org.openqa.selenium.support.pagefactory.internal.LocatingElementHandler.invoke(LocatingElementHandler.java:51)
at jdk.proxy2/jdk.proxy2.$Proxy13.clear(Unknown Source)
at pages.ManageContactPage.addingDeliveryChargeLimit(ManageContactPage.java:53)
at testscript.ManageContactTest.managingContactDetails(ManageContactTest.java:32)
at java.base/java.util.concurrent.Executors$RunnableAdapter.call(Executors.java:539)
at java.base/java.util.concurrent.FutureTask.run(FutureTask.java:264)
at java.base/java.util.concurrent.ThreadPoolExecutor.runWorker(ThreadPoolExecutor.java:1136)
at java.base/java.util.concurrent.ThreadPoolExecutor$Worker.run(ThreadPoolExecutor.java:635)
at java.base/java.lang.Thread.run(Thread.java:842)
... Removed 21 stack frames]]>
    </failure>
  </testcase> <!-- managingContactDetails -->
</testsuite> <!-- FirefoxTest -->
